<?xml version="1.0" encoding="UTF-8"?>
<!-- Generated by org.testng.reporters.JUnitReportReporter -->
<testsuite hostname="Bhavyas-MacBook-Pro.local" failures="0" tests="2" name="baseClass" time="7.361" errors="0" timestamp="2023-07-19T13:06:28 IST" skipped="0">
  <testcase classname="baseClass" name="searchBStack" time="7.136"/>
  <system-out/>
  <testcase classname="baseClass" name="openWikiSearch" time="0.225"/>
  <system-out/>
</testsuite> <!-- baseClass -->
